Using pre-set license
Built from '2020.3/staging' branch; Version is '2020.3.14f1 (d0d1bb862f9d) revision 13685179'; Using compiler version '192528614'; Build Type 'Release'
OS: 'Windows 10 Pro; OS build 19042.1237; Version 2009; 64bit' Language: 'en' Physical Memory: 16318 MB
BatchMode: 1, IsHumanControllingUs: 0, StartBugReporterOnCrash: 0, Is64bit: 1, IsPro: 0

 COMMAND LINE ARGUMENTS:
Z:\Unity\2020.3.14f1\Editor\Unity.exe
-adb2
-batchMode
-noUpm
-name
AssetImportWorker0
-projectPath
Z:/Unity/ball_shooter-main
-logFile
Logs/AssetImportWorker0.log
-srvPort
50031
Successfully changed project path to: Z:/Unity/ball_shooter-main
Z:/Unity/ball_shooter-main
Using Asset Import Pipeline V2.
Refreshing native plugins compatible for Editor in 44.62 ms, found 2 plugins.
Preloading 0 native plugins for Editor in 0.00 ms.
Initialize engine version: 2020.3.14f1 (d0d1bb862f9d)
[Subsystems] Discovering subsystems at path Z:/Unity/2020.3.14f1/Editor/Data/Resources/UnitySubsystems
[Subsystems] Discovering subsystems at path Z:/Unity/ball_shooter-main/Assets
GfxDevice: creating device client; threaded=0
Direct3D:
    Version:  Direct3D 11.0 [level 11.1]
    Renderer: NVIDIA GeForce RTX 2080 SUPER (ID=0x1e81)
    Vendor:   
    VRAM:     8010 MB
    Driver:   30.0.14.7111
Initialize mono
Mono path[0] = 'Z:/Unity/2020.3.14f1/Editor/Data/Managed'
Mono path[1] = 'Z:/Unity/2020.3.14f1/Editor/Data/MonoBleedingEdge/lib/mono/unityjit'
Mono config path = 'Z:/Unity/2020.3.14f1/Editor/Data/MonoBleedingEdge/etc'
Using monoOptions --debugger-agent=transport=dt_socket,embedding=1,server=y,suspend=n,address=127.0.0.1:56700
Begin MonoManager ReloadAssembly
Registering precompiled unity dll's ...
Register platform support module: Z:/Unity/2020.3.14f1/Editor/Data/PlaybackEngines/WindowsStandaloneSupport/UnityEditor.WindowsStandalone.Extensions.dll
Registered in 0.000724 seconds.
Native extension for WindowsStandalone target not found
Refreshing native plugins compatible for Editor in 32.79 ms, found 2 plugins.
Preloading 0 native plugins for Editor in 0.00 ms.
Mono: successfully reloaded assembly
- Completed reload, in  0.633 seconds
Domain Reload Profiling:
	ReloadAssembly (633ms)
		BeginReloadAssembly (35ms)
			ExecutionOrderSort (0ms)
			DisableScriptedObjects (0ms)
			BackupInstance (0ms)
			ReleaseScriptingObjects (0ms)
			CreateAndSetChildDomain (1ms)
		EndReloadAssembly (309ms)
			LoadAssemblies (35ms)
			RebuildTransferFunctionScriptingTraits (0ms)
			SetupTypeCache (114ms)
			ReleaseScriptCaches (0ms)
			RebuildScriptCaches (22ms)
			SetupLoadedEditorAssemblies (123ms)
				LogAssemblyErrors (0ms)
				InitializePlatformSupportModulesInManaged (3ms)
				SetLoadedEditorAssemblies (0ms)
				RefreshPlugins (33ms)
				BeforeProcessingInitializeOnLoad (5ms)
				ProcessInitializeOnLoadAttributes (62ms)
				ProcessInitializeOnLoadMethodAttributes (21ms)
				AfterProcessingInitializeOnLoad (0ms)
				EditorAssembliesLoaded (0ms)
			ExecutionOrderSort2 (0ms)
			AwakeInstancesAfterBackupRestoration (0ms)
Platform modules already initialized, skipping
Registering precompiled user dll's ...
Registered in 0.002518 seconds.
Begin MonoManager ReloadAssembly
Native extension for WindowsStandalone target not found
Refreshing native plugins compatible for Editor in 0.60 ms, found 2 plugins.
Preloading 0 native plugins for Editor in 0.00 ms.
Mono: successfully reloaded assembly
- Completed reload, in  0.838 seconds
Domain Reload Profiling:
	ReloadAssembly (839ms)
		BeginReloadAssembly (105ms)
			ExecutionOrderSort (0ms)
			DisableScriptedObjects (3ms)
			BackupInstance (0ms)
			ReleaseScriptingObjects (0ms)
			CreateAndSetChildDomain (14ms)
		EndReloadAssembly (690ms)
			LoadAssemblies (62ms)
			RebuildTransferFunctionScriptingTraits (0ms)
			SetupTypeCache (231ms)
			ReleaseScriptCaches (0ms)
			RebuildScriptCaches (36ms)
			SetupLoadedEditorAssemblies (287ms)
				LogAssemblyErrors (0ms)
				InitializePlatformSupportModulesInManaged (4ms)
				SetLoadedEditorAssemblies (0ms)
				RefreshPlugins (1ms)
				BeforeProcessingInitializeOnLoad (47ms)
				ProcessInitializeOnLoadAttributes (209ms)
				ProcessInitializeOnLoadMethodAttributes (25ms)
				AfterProcessingInitializeOnLoad (2ms)
				EditorAssembliesLoaded (0ms)
			ExecutionOrderSort2 (0ms)
			AwakeInstancesAfterBackupRestoration (5ms)
Platform modules already initialized, skipping
========================================================================
Worker process is ready to serve import requests
Launched and connected shader compiler UnityShaderCompiler.exe after 0.04 seconds
Refreshing native plugins compatible for Editor in 0.57 ms, found 2 plugins.
Preloading 0 native plugins for Editor in 0.00 ms.
Unloading 2319 Unused Serialized files (Serialized files now loaded: 0)
System memory in use before: 95.7 MB.
System memory in use after: 95.8 MB.

Unloading 59 unused Assets to reduce memory usage. Loaded Objects now: 2727.
Total: 4.562700 ms (FindLiveObjects: 0.181400 ms CreateObjectMapping: 0.075800 ms MarkObjects: 4.179800 ms  DeleteObjects: 0.124600 ms)

AssetImportParameters requested are different than current active one (requested -> active):
  custom:framework-win-MediaFoundation: 216162199b28c13a410421893ffa2e32 -> 
  custom:video-decoder-ogg-theora: a1e56fd34408186e4bbccfd4996cb3dc -> 
  custom:container-muxer-webm: aa71ff27fc2769a1b78a27578f13a17b -> 
  custom:container-demuxer-webm: 4f35f7cbe854078d1ac9338744f61a02 -> 
  custom:container-demuxer-ogg: 62fdf1f143b41e24485cea50d1cbac27 -> 
  custom:video-encoder-webm-vp8: eb34c28f22e8b96e1ab97ce403110664 -> 
  custom:video-decoder-webm-vp8: 9c59270c3fd7afecdb556c50c9e8de78 -> 
  custom:audio-decoder-ogg-vorbis: bf7c407c2cedff20999df2af8eb42d56 -> 
  custom:audio-encoder-webm-vorbis: bf7c407c2cedff20999df2af8eb42d56 -> 
========================================================================
Received Import Request.
  path: Assets/Scenes/Scene_04.unity
  artifactKey: Guid(0afaa08395387564cbe76675b2ebdab4) Importer(815301076,1909f56bfc062723c751e8b465ee728b)
Start importing Assets/Scenes/Scene_04.unity using Guid(0afaa08395387564cbe76675b2ebdab4) Importer(815301076,1909f56bfc062723c751e8b465ee728b)  -> (artifact id: '6753585f345efa079035a6c715eb1f58') in 0.014261 seconds 
  Import took 0.017376 seconds .

========================================================================
Received Import Request.
  Time since last request: 585.052123 seconds.
  path: Assets/Scenes/Scene_05.unity
  artifactKey: Guid(e310cca876ca93241a082881ec988dec) Importer(815301076,1909f56bfc062723c751e8b465ee728b)
Start importing Assets/Scenes/Scene_05.unity using Guid(e310cca876ca93241a082881ec988dec) Importer(815301076,1909f56bfc062723c751e8b465ee728b)  -> (artifact id: '32c7e2e421446c643dbfd2c7a4617a94') in 0.006817 seconds 
  Import took 0.010414 seconds .

========================================================================
Received Import Request.
  Time since last request: 2169.937304 seconds.
  path: Assets/Scenes/Scene_04.unity
  artifactKey: Guid(0afaa08395387564cbe76675b2ebdab4) Importer(815301076,1909f56bfc062723c751e8b465ee728b)
Start importing Assets/Scenes/Scene_04.unity using Guid(0afaa08395387564cbe76675b2ebdab4) Importer(815301076,1909f56bfc062723c751e8b465ee728b)  -> (artifact id: 'eea8727482285fc1f12e3da8e5ef786d') in 0.001885 seconds 
  Import took 0.005441 seconds .

========================================================================
Received Import Request.
  Time since last request: 7.131576 seconds.
  path: Assets/Scenes/Scene_03Settings.lighting
  artifactKey: Guid(aa2b38b329d02864eac5387fed275eb9) Importer(815301076,1909f56bfc062723c751e8b465ee728b)
Start importing Assets/Scenes/Scene_03Settings.lighting using Guid(aa2b38b329d02864eac5387fed275eb9) Importer(815301076,1909f56bfc062723c751e8b465ee728b)  -> (artifact id: '62cbc8d14b480e98e11881c01445516f') in 0.018074 seconds 
  Import took 0.020983 seconds .

========================================================================
Received Import Request.
  Time since last request: 0.745295 seconds.
  path: Assets/Scenes/Scene_03.unity
  artifactKey: Guid(0710650d55f72bb45ac4528ee9471680) Importer(815301076,1909f56bfc062723c751e8b465ee728b)
Start importing Assets/Scenes/Scene_03.unity using Guid(0710650d55f72bb45ac4528ee9471680) Importer(815301076,1909f56bfc062723c751e8b465ee728b)  -> (artifact id: '59fbe8e1107a7c74426f605adff41da6') in 0.005397 seconds 
  Import took 0.008292 seconds .

========================================================================
Received Import Request.
  Time since last request: 13.515897 seconds.
  path: Assets/Scenes/Scene_02.unity
  artifactKey: Guid(3314d53fa22aeb74f8200c6239dae48c) Importer(815301076,1909f56bfc062723c751e8b465ee728b)
Start importing Assets/Scenes/Scene_02.unity using Guid(3314d53fa22aeb74f8200c6239dae48c) Importer(815301076,1909f56bfc062723c751e8b465ee728b)  -> (artifact id: 'a199302cf14b0bf43553254f51b7c159') in 0.005357 seconds 
  Import took 0.008262 seconds .

========================================================================
Received Import Request.
  Time since last request: 16.397353 seconds.
  path: Assets/Scenes/Scene_01.unity
  artifactKey: Guid(92b880a81104dd7438df43995a56cf2e) Importer(815301076,1909f56bfc062723c751e8b465ee728b)
Start importing Assets/Scenes/Scene_01.unity using Guid(92b880a81104dd7438df43995a56cf2e) Importer(815301076,1909f56bfc062723c751e8b465ee728b)  -> (artifact id: '0a7e2e17be7669ee6fb715665c5f10dd') in 0.005544 seconds 
  Import took 0.008450 seconds .

========================================================================
Received Import Request.
  Time since last request: 24.332794 seconds.
  path: Assets/Scenes/Scene_02.unity
  artifactKey: Guid(3314d53fa22aeb74f8200c6239dae48c) Importer(815301076,1909f56bfc062723c751e8b465ee728b)
Start importing Assets/Scenes/Scene_02.unity using Guid(3314d53fa22aeb74f8200c6239dae48c) Importer(815301076,1909f56bfc062723c751e8b465ee728b)  -> (artifact id: 'a1223c81a7b9fc375615d963358856cb') in 0.001714 seconds 
  Import took 0.004732 seconds .

========================================================================
Received Import Request.
  Time since last request: 48.227796 seconds.
  path: Assets/Scenes/Scene_03.unity
  artifactKey: Guid(0710650d55f72bb45ac4528ee9471680) Importer(815301076,1909f56bfc062723c751e8b465ee728b)
Start importing Assets/Scenes/Scene_03.unity using Guid(0710650d55f72bb45ac4528ee9471680) Importer(815301076,1909f56bfc062723c751e8b465ee728b)  -> (artifact id: '78bafca0fd2389942deabb28c2cb4245') in 0.001610 seconds 
  Import took 0.004944 seconds .

========================================================================
Received Import Request.
  Time since last request: 51.192987 seconds.
  path: Assets/Scenes/Scene_03.unity
  artifactKey: Guid(0710650d55f72bb45ac4528ee9471680) Importer(815301076,1909f56bfc062723c751e8b465ee728b)
Start importing Assets/Scenes/Scene_03.unity using Guid(0710650d55f72bb45ac4528ee9471680) Importer(815301076,1909f56bfc062723c751e8b465ee728b)  -> (artifact id: '72064d98c3c94ea0c79c728ee38ee841') in 0.001718 seconds 
  Import took 0.004810 seconds .

========================================================================
Received Import Request.
  Time since last request: 0.002897 seconds.
  path: Assets/Scenes/Scene_03.unity
  artifactKey: Guid(0710650d55f72bb45ac4528ee9471680) Importer(815301076,1909f56bfc062723c751e8b465ee728b)
Start importing Assets/Scenes/Scene_03.unity using Guid(0710650d55f72bb45ac4528ee9471680) Importer(815301076,1909f56bfc062723c751e8b465ee728b)  -> (artifact id: '72064d98c3c94ea0c79c728ee38ee841') in 0.001673 seconds 
  Import took 0.004641 seconds .

========================================================================
Received Import Request.
  Time since last request: 84.991436 seconds.
  path: Assets/Scenes/Scene_05.unity
  artifactKey: Guid(e310cca876ca93241a082881ec988dec) Importer(815301076,1909f56bfc062723c751e8b465ee728b)
Start importing Assets/Scenes/Scene_05.unity using Guid(e310cca876ca93241a082881ec988dec) Importer(815301076,1909f56bfc062723c751e8b465ee728b)  -> (artifact id: 'ff6a6d4cd2348104e26aefab319dd893') in 0.001721 seconds 
  Import took 0.004602 seconds .

========================================================================
Received Import Request.
  Time since last request: 144.727558 seconds.
  path: Assets/Scenes/MainMenu.unity
  artifactKey: Guid(d0f28786d91d6b74cb4dfd2d877f3cf3) Importer(815301076,1909f56bfc062723c751e8b465ee728b)
Start importing Assets/Scenes/MainMenu.unity using Guid(d0f28786d91d6b74cb4dfd2d877f3cf3) Importer(815301076,1909f56bfc062723c751e8b465ee728b)  -> (artifact id: '3ad9b0fbb77865dfb71a997fda3feba0') in 0.005511 seconds 
  Import took 0.008426 seconds .

========================================================================
Received Prepare
Refreshing native plugins compatible for Editor in 6.26 ms, found 2 plugins.
Preloading 0 native plugins for Editor in 0.00 ms.
Unloading 48 Unused Serialized files (Serialized files now loaded: 0)
System memory in use before: 49.3 MB.
System memory in use after: 49.4 MB.

Unloading 48 unused Assets to reduce memory usage. Loaded Objects now: 2727.
Total: 5.088400 ms (FindLiveObjects: 0.185400 ms CreateObjectMapping: 0.084400 ms MarkObjects: 4.754500 ms  DeleteObjects: 0.063300 ms)

AssetImportParameters requested are different than current active one (requested -> active):
  custom:framework-win-MediaFoundation: 216162199b28c13a410421893ffa2e32 -> 
  custom:video-decoder-ogg-theora: a1e56fd34408186e4bbccfd4996cb3dc -> 
  custom:container-muxer-webm: aa71ff27fc2769a1b78a27578f13a17b -> 
  custom:container-demuxer-webm: 4f35f7cbe854078d1ac9338744f61a02 -> 
  custom:container-demuxer-ogg: 62fdf1f143b41e24485cea50d1cbac27 -> 
  custom:video-encoder-webm-vp8: eb34c28f22e8b96e1ab97ce403110664 -> 
  custom:video-decoder-webm-vp8: 9c59270c3fd7afecdb556c50c9e8de78 -> 
  custom:audio-decoder-ogg-vorbis: bf7c407c2cedff20999df2af8eb42d56 -> 
  custom:audio-encoder-webm-vorbis: bf7c407c2cedff20999df2af8eb42d56 -> 
========================================================================
Received Prepare
Refreshing native plugins compatible for Editor in 6.58 ms, found 2 plugins.
Preloading 0 native plugins for Editor in 0.00 ms.
Unloading 48 Unused Serialized files (Serialized files now loaded: 0)
System memory in use before: 49.3 MB.
System memory in use after: 49.4 MB.

Unloading 48 unused Assets to reduce memory usage. Loaded Objects now: 2727.
Total: 4.335700 ms (FindLiveObjects: 0.209300 ms CreateObjectMapping: 0.100300 ms MarkObjects: 3.955500 ms  DeleteObjects: 0.069800 ms)

AssetImportParameters requested are different than current active one (requested -> active):
  custom:framework-win-MediaFoundation: 216162199b28c13a410421893ffa2e32 -> 
  custom:video-decoder-ogg-theora: a1e56fd34408186e4bbccfd4996cb3dc -> 
  custom:container-muxer-webm: aa71ff27fc2769a1b78a27578f13a17b -> 
  custom:container-demuxer-webm: 4f35f7cbe854078d1ac9338744f61a02 -> 
  custom:container-demuxer-ogg: 62fdf1f143b41e24485cea50d1cbac27 -> 
  custom:video-encoder-webm-vp8: eb34c28f22e8b96e1ab97ce403110664 -> 
  custom:video-decoder-webm-vp8: 9c59270c3fd7afecdb556c50c9e8de78 -> 
  custom:audio-decoder-ogg-vorbis: bf7c407c2cedff20999df2af8eb42d56 -> 
  custom:audio-encoder-webm-vorbis: bf7c407c2cedff20999df2af8eb42d56 -> 
========================================================================
Received Import Request.
  Time since last request: 267.286795 seconds.
  path: Assets/Scenes/Scene_05.unity
  artifactKey: Guid(e310cca876ca93241a082881ec988dec) Importer(815301076,1909f56bfc062723c751e8b465ee728b)
Start importing Assets/Scenes/Scene_05.unity using Guid(e310cca876ca93241a082881ec988dec) Importer(815301076,1909f56bfc062723c751e8b465ee728b)  -> (artifact id: '993c2b30f13f7b0d175fd22e3ecaa1e7') in 0.006456 seconds 
  Import took 0.009378 seconds .

AssetImportWorkerClient::OnTransportError - code=2 error=End of file
